  StartScreen.cpp
  LINK : C:\Users\robin\OneDrive - Hogeschool West-Vlaanderen\DAE 2021-2022\SEM_2\Programming 2\00 Game Project\Bouchez_Robin_Metroid\1DAE22_Bouchez_Robin_Metroid\Metroid\x64\Debug\Metroid_Game.exe not found or not built by the last incremental link; performing full link
  Metroid_Game.vcxproj -> C:\Users\robin\OneDrive - Hogeschool West-Vlaanderen\DAE 2021-2022\SEM_2\Programming 2\00 Game Project\Bouchez_Robin_Metroid\1DAE22_Bouchez_Robin_Metroid\Metroid\x64\Debug\Metroid_Game.exe
  COPY THE DLL FILES
  C:\Users\robin\OneDrive - Hogeschool West-Vlaanderen\DAE 2021-2022\SEM_2\Programming 2\00 Game Project\Bouchez_Robin_Metroid\1DAE22_Bouchez_Robin_Metroid\Metroid\Libraries\SDL2-2.0.10\lib\x64\SDL2.dll
  1 File(s) copied
  C:\Users\robin\OneDrive - Hogeschool West-Vlaanderen\DAE 2021-2022\SEM_2\Programming 2\00 Game Project\Bouchez_Robin_Metroid\1DAE22_Bouchez_Robin_Metroid\Metroid\Libraries\SDL2_image-2.0.5\lib\x64\libjpeg-9.dll
  C:\Users\robin\OneDrive - Hogeschool West-Vlaanderen\DAE 2021-2022\SEM_2\Programming 2\00 Game Project\Bouchez_Robin_Metroid\1DAE22_Bouchez_Robin_Metroid\Metroid\Libraries\SDL2_image-2.0.5\lib\x64\libpng16-16.dll
  C:\Users\robin\OneDrive - Hogeschool West-Vlaanderen\DAE 2021-2022\SEM_2\Programming 2\00 Game Project\Bouchez_Robin_Metroid\1DAE22_Bouchez_Robin_Metroid\Metroid\Libraries\SDL2_image-2.0.5\lib\x64\libtiff-5.dll
  C:\Users\robin\OneDrive - Hogeschool West-Vlaanderen\DAE 2021-2022\SEM_2\Programming 2\00 Game Project\Bouchez_Robin_Metroid\1DAE22_Bouchez_Robin_Metroid\Metroid\Libraries\SDL2_image-2.0.5\lib\x64\libwebp-7.dll
  C:\Users\robin\OneDrive - Hogeschool West-Vlaanderen\DAE 2021-2022\SEM_2\Programming 2\00 Game Project\Bouchez_Robin_Metroid\1DAE22_Bouchez_Robin_Metroid\Metroid\Libraries\SDL2_image-2.0.5\lib\x64\SDL2_image.dll
  C:\Users\robin\OneDrive - Hogeschool West-Vlaanderen\DAE 2021-2022\SEM_2\Programming 2\00 Game Project\Bouchez_Robin_Metroid\1DAE22_Bouchez_Robin_Metroid\Metroid\Libraries\SDL2_image-2.0.5\lib\x64\zlib1.dll
  6 File(s) copied
  C:\Users\robin\OneDrive - Hogeschool West-Vlaanderen\DAE 2021-2022\SEM_2\Programming 2\00 Game Project\Bouchez_Robin_Metroid\1DAE22_Bouchez_Robin_Metroid\Metroid\Libraries\SDL2_mixer-2.0.4\lib\x64\libFLAC-8.dll
  C:\Users\robin\OneDrive - Hogeschool West-Vlaanderen\DAE 2021-2022\SEM_2\Programming 2\00 Game Project\Bouchez_Robin_Metroid\1DAE22_Bouchez_Robin_Metroid\Metroid\Libraries\SDL2_mixer-2.0.4\lib\x64\libmodplug-1.dll
  C:\Users\robin\OneDrive - Hogeschool West-Vlaanderen\DAE 2021-2022\SEM_2\Programming 2\00 Game Project\Bouchez_Robin_Metroid\1DAE22_Bouchez_Robin_Metroid\Metroid\Libraries\SDL2_mixer-2.0.4\lib\x64\libmpg123-0.dll
  C:\Users\robin\OneDrive - Hogeschool West-Vlaanderen\DAE 2021-2022\SEM_2\Programming 2\00 Game Project\Bouchez_Robin_Metroid\1DAE22_Bouchez_Robin_Metroid\Metroid\Libraries\SDL2_mixer-2.0.4\lib\x64\libogg-0.dll
  C:\Users\robin\OneDrive - Hogeschool West-Vlaanderen\DAE 2021-2022\SEM_2\Programming 2\00 Game Project\Bouchez_Robin_Metroid\1DAE22_Bouchez_Robin_Metroid\Metroid\Libraries\SDL2_mixer-2.0.4\lib\x64\libopus-0.dll
  C:\Users\robin\OneDrive - Hogeschool West-Vlaanderen\DAE 2021-2022\SEM_2\Programming 2\00 Game Project\Bouchez_Robin_Metroid\1DAE22_Bouchez_Robin_Metroid\Metroid\Libraries\SDL2_mixer-2.0.4\lib\x64\libopusfile-0.dll
  C:\Users\robin\OneDrive - Hogeschool West-Vlaanderen\DAE 2021-2022\SEM_2\Programming 2\00 Game Project\Bouchez_Robin_Metroid\1DAE22_Bouchez_Robin_Metroid\Metroid\Libraries\SDL2_mixer-2.0.4\lib\x64\libvorbis-0.dll
  C:\Users\robin\OneDrive - Hogeschool West-Vlaanderen\DAE 2021-2022\SEM_2\Programming 2\00 Game Project\Bouchez_Robin_Metroid\1DAE22_Bouchez_Robin_Metroid\Metroid\Libraries\SDL2_mixer-2.0.4\lib\x64\libvorbisfile-3.dll
  C:\Users\robin\OneDrive - Hogeschool West-Vlaanderen\DAE 2021-2022\SEM_2\Programming 2\00 Game Project\Bouchez_Robin_Metroid\1DAE22_Bouchez_Robin_Metroid\Metroid\Libraries\SDL2_mixer-2.0.4\lib\x64\SDL2_mixer.dll
  9 File(s) copied
  C:\Users\robin\OneDrive - Hogeschool West-Vlaanderen\DAE 2021-2022\SEM_2\Programming 2\00 Game Project\Bouchez_Robin_Metroid\1DAE22_Bouchez_Robin_Metroid\Metroid\Libraries\SDL2_ttf-2.0.15\lib\x64\libfreetype-6.dll
  C:\Users\robin\OneDrive - Hogeschool West-Vlaanderen\DAE 2021-2022\SEM_2\Programming 2\00 Game Project\Bouchez_Robin_Metroid\1DAE22_Bouchez_Robin_Metroid\Metroid\Libraries\SDL2_ttf-2.0.15\lib\x64\SDL2_ttf.dll
  C:\Users\robin\OneDrive - Hogeschool West-Vlaanderen\DAE 2021-2022\SEM_2\Programming 2\00 Game Project\Bouchez_Robin_Metroid\1DAE22_Bouchez_Robin_Metroid\Metroid\Libraries\SDL2_ttf-2.0.15\lib\x64\zlib1.dll
  3 File(s) copied
